<?xml version="1.0" encoding="UTF-8"?>
<!-- Generated by org.testng.reporters.JUnitReportReporter -->
<testsuite hostname="DESKTOP-ED7Q69P" failures="0" tests="1" name="testCases.TC001_AccountRegistrationTest" time="5.950" errors="0" timestamp="2025-10-28T18:02:45 WEST" skipped="0">
  <testcase classname="testCases.TC001_AccountRegistrationTest" name="verify_account_registration" time="5.950"/>
</testsuite> <!-- testCases.TC001_AccountRegistrationTest -->
