<?xml version="1.0" encoding="UTF-8"?>
<!-- Generated by org.testng.reporters.JUnitReportReporter -->
<testsuite hostname="DESKTOP-ED7Q69P" failures="0" tests="1" name="testCases.TC001_AccountRegistrationTest" time="3.060" errors="0" timestamp="2025-10-29T16:56:30 WEST" skipped="0">
  <testcase classname="testCases.TC001_AccountRegistrationTest" name="verify_account_registration" time="3.060"/>
</testsuite> <!-- testCases.TC001_AccountRegistrationTest -->
